<?xml version="1.0" encoding="UTF-8"?>
<testsuite name="ingresar a la pagina de libreria nacional" tests="1" skipped="0" failures="0" errors="0" timestamp="2022-03-03T23:02:02" hostname="SQAMED-SQA1951" time="17.801">
  <properties/>
  <testcase name="Acceso pagina principal libreria nacional y validacion de ingreso exitoso" classname="ingresar a la pagina de libreria nacional" time="17.801"/>
  <system-out><![CDATA[]]></system-out>
  <system-err><![CDATA[[Test worker] INFO io.cucumber.core.plugin.SerenityReporter - Running feature from file:///C:/Libreria_Nacional_POM/src/test/resources/loginLibreriaNacional/loginPaginaPpal.feature
[Test worker] WARN io.cucumber.core.plugin.SerenityReporter - Feature from file:///C:/Libreria_Nacional_POM/src/test/resources/loginLibreriaNacional/loginPaginaPpal.feature is not under the 'features' directory. Requirements report will not be correctly generated!
[Test worker] INFO  - 
  _____   ___   ___   _____     ___   _____     _     ___   _____   ___   ___  
 |_   _| | __| / __| |_   _|   / __| |_   _|   /_\   | _ \ |_   _| | __| |   \ 
   | |   | _|  \__ \   | |     \__ \   | |    / _ \  |   /   | |   | _|  | |) |
   |_|   |___| |___/   |_|     |___/   |_|   /_/ \_\ |_|_\   |_|   |___| |___/ 

Acceso pagina principal libreria nacional y validacion de ingreso exitoso(ingresar-a-la-pagina-de-libreria-nacional;acceso-pagina-principal-libreria-nacional-y-validacion-de-ingreso-exitoso)
--------------------------------------------------------------------------------
[Test worker] INFO net.serenitybdd.core.webdriver.driverproviders.ChromeDriverProvider - Using automatically driver download
[Test worker] INFO io.github.bonigarcia.wdm.WebDriverManager - Using chromedriver 98.0.4758.102 (resolved driver for Chrome 98)
[Test worker] INFO io.github.bonigarcia.wdm.WebDriverManager - Exporting webdriver.chrome.driver as C:\Users\pc\.cache\selenium\chromedriver\win32\98.0.4758.102\chromedriver.exe
Starting ChromeDriver 97.0.4692.71 (adefa7837d02a07a604c1e6eff0b3a09422ab88d-refs/branch-heads/4692@{#1247}) on port 50275
Only local connections are allowed.
Please see https://chromedriver.chromium.org/security-considerations for suggestions on keeping ChromeDriver safe.
ChromeDriver was started successfully.
[1646348526.924][WARNING]: This version of ChromeDriver has not been tested with Chrome version 98.
Mar 03, 2022 6:02:07 PM org.openqa.selenium.remote.ProtocolHandshake createSession
INFO: Detected dialect: W3C
Mar 03, 2022 6:02:07 PM org.openqa.selenium.devtools.CdpVersionFinder findNearestMatch
WARNING: Unable to find an exact match for CDP version 98, so returning the closest version found: 97
Mar 03, 2022 6:02:07 PM org.openqa.selenium.devtools.CdpVersionFinder findNearestMatch
INFO: Found CDP implementation for version 98 of 97
ERROR StatusLogger Log4j2 could not find a logging implementation. Please add log4j-core to the classpath. Using SimpleLogger to log to the console...
[Test worker] INFO  - 
  _____   ___   ___   _____     ___     _     ___   ___   ___   ___  
 |_   _| | __| / __| |_   _|   | _ \   /_\   / __| / __| | __| |   \ 
   | |   | _|  \__ \   | |     |  _/  / _ \  \__ \ \__ \ | _|  | |) |
   |_|   |___| |___/   |_|     |_|   /_/ \_\ |___/ |___/ |___| |___/ 

Acceso pagina principal libreria nacional y validacion de ingreso exitoso
----------------------------------------------------------------------
]]></system-err>
</testsuite>
